[2018-10-11 08:38:39.048] [sharedprocess] [info] main {"machineId":"fca82fb0cfedd2e034392430e5e52cda811ba4df06532c9150a1030b393f921e"}
[2018-10-11 08:38:39.194] [sharedprocess] [info] Scanned user extensions: 7
[2018-10-11 08:38:39.373] [sharedprocess] [info] Scanned system extensions: 71
[2018-10-11 08:38:41.118] [sharedprocess] [info] Scanned user extensions: 7
[2018-10-11 08:38:41.143] [sharedprocess] [info] Scanned user extensions: 7
[2018-10-11 08:38:41.161] [sharedprocess] [info] Scanned user extensions: 7
[2018-10-11 08:38:41.356] [sharedprocess] [info] Scanned system extensions: 71
[2018-10-11 08:38:41.369] [sharedprocess] [info] Scanned system extensions: 71
[2018-10-11 08:38:42.244] [sharedprocess] [info] Scanned user extensions: 7
[2018-10-11 08:38:42.307] [sharedprocess] [info] Scanned user extensions: 7
[2018-10-11 08:38:42.316] [sharedprocess] [info] Scanned user extensions: 7
[2018-10-11 08:38:42.327] [sharedprocess] [info] Scanned user extensions: 7
[2018-10-11 08:38:42.343] [sharedprocess] [info] Scanned user extensions: 7
[2018-10-11 08:38:43.190] [sharedprocess] [info] Installing extension: vsliveshare
[2018-10-11 08:38:43.192] [sharedprocess] [info] Installing extension: vsliveshare-audio
[2018-10-11 08:38:43.222] [sharedprocess] [info] Scanned user extensions: 7
[2018-10-11 08:38:43.230] [sharedprocess] [info] Scanned user extensions: 7
[2018-10-11 08:38:45.596] [sharedprocess] [info] Downloaded extension: vsliveshare-audio /tmp/d4efc995-6b09-4690-beea-a263f89659a7
[2018-10-11 08:38:56.623] [sharedprocess] [info] Extracted extension to /home/mdz/.vscode/extensions/.ms-vsliveshare.vsliveshare-audio-0.1.38: ms-vsliveshare.vsliveshare-audio-0.1.38
[2018-10-11 08:38:56.623] [sharedprocess] [info] Renamed to /home/mdz/.vscode/extensions/ms-vsliveshare.vsliveshare-audio-0.1.38
[2018-10-11 08:38:56.623] [sharedprocess] [info] Installation completed. ms-vsliveshare.vsliveshare-audio-0.1.38
[2018-10-11 08:38:56.666] [sharedprocess] [info] Scanned user extensions: 7
[2018-10-11 08:38:56.775] [sharedprocess] [info] Scanned system extensions: 71
[2018-10-11 08:38:56.775] [sharedprocess] [info] Extensions installed successfully: ms-vsliveshare.vsliveshare-audio
[2018-10-11 08:38:57.019] [sharedprocess] [info] Scanned user extensions: 7
[2018-10-11 08:38:57.141] [sharedprocess] [info] Scanned system extensions: 71
[2018-10-11 08:39:01.362] [sharedprocess] [info] Downloaded extension: vsliveshare /tmp/564d260d-d710-4a55-82de-b9bbe18fb726
[2018-10-11 08:39:14.513] [sharedprocess] [info] Extracted extension to /home/mdz/.vscode/extensions/.ms-vsliveshare.vsliveshare-0.3.788: ms-vsliveshare.vsliveshare-0.3.788
[2018-10-11 08:39:14.514] [sharedprocess] [info] Renamed to /home/mdz/.vscode/extensions/ms-vsliveshare.vsliveshare-0.3.788
[2018-10-11 08:39:14.514] [sharedprocess] [info] Installation completed. ms-vsliveshare.vsliveshare-0.3.788
[2018-10-11 08:39:14.540] [sharedprocess] [info] Extensions installed successfully: ms-vsliveshare.vsliveshare
[2018-10-11 08:39:14.687] [sharedprocess] [info] Scanned user extensions: 7
[2018-10-11 08:39:14.735] [sharedprocess] [info] Scanned system extensions: 71
[2018-10-11 08:39:19.060] [sharedprocess] [info] Starting to clean up unused language packs.
[2018-10-11 08:43:42.305] [sharedprocess] [info] Scanned user extensions: 7
[2018-10-11 08:48:42.338] [sharedprocess] [info] Scanned user extensions: 7
[2018-10-11 08:53:42.371] [sharedprocess] [info] Scanned user extensions: 7
[2018-10-11 08:58:42.405] [sharedprocess] [info] Scanned user extensions: 7
[2018-10-11 09:03:42.441] [sharedprocess] [info] Scanned user extensions: 7
[2018-10-11 09:08:42.474] [sharedprocess] [info] Scanned user extensions: 7
[2018-10-11 09:13:42.514] [sharedprocess] [info] Scanned user extensions: 7
[2018-10-11 09:18:42.555] [sharedprocess] [info] Scanned user extensions: 7
[2018-10-11 09:23:42.588] [sharedprocess] [info] Scanned user extensions: 7
[2018-10-11 09:28:42.626] [sharedprocess] [info] Scanned user extensions: 7
[2018-10-11 09:33:42.661] [sharedprocess] [info] Scanned user extensions: 7
[2018-10-11 09:38:42.857] [sharedprocess] [info] Scanned user extensions: 7
[2018-10-11 09:43:42.885] [sharedprocess] [info] Scanned user extensions: 7
[2018-10-11 09:48:42.918] [sharedprocess] [info] Scanned user extensions: 7
[2018-10-11 09:53:42.959] [sharedprocess] [info] Scanned user extensions: 7
[2018-10-11 09:58:42.990] [sharedprocess] [info] Scanned user extensions: 7
[2018-10-11 10:03:43.025] [sharedprocess] [info] Scanned user extensions: 7
[2018-10-11 10:08:43.054] [sharedprocess] [info] Scanned user extensions: 7
[2018-10-11 10:13:43.086] [sharedprocess] [info] Scanned user extensions: 7
[2018-10-11 10:18:43.120] [sharedprocess] [info] Scanned user extensions: 7
[2018-10-11 10:23:43.155] [sharedprocess] [info] Scanned user extensions: 7
[2018-10-11 10:28:43.189] [sharedprocess] [info] Scanned user extensions: 7
[2018-10-11 10:33:43.222] [sharedprocess] [info] Scanned user extensions: 7
[2018-10-11 10:38:43.393] [sharedprocess] [info] Scanned user extensions: 7
[2018-10-11 10:43:43.425] [sharedprocess] [info] Scanned user extensions: 7
[2018-10-11 10:48:43.460] [sharedprocess] [info] Scanned user extensions: 7
[2018-10-11 10:53:43.499] [sharedprocess] [info] Scanned user extensions: 7
[2018-10-11 10:58:43.531] [sharedprocess] [info] Scanned user extensions: 7
[2018-10-11 11:03:43.570] [sharedprocess] [info] Scanned user extensions: 7
[2018-10-11 11:08:43.610] [sharedprocess] [info] Scanned user extensions: 7
[2018-10-11 11:13:43.654] [sharedprocess] [info] Scanned user extensions: 7
[2018-10-11 11:18:43.700] [sharedprocess] [info] Scanned user extensions: 7
[2018-10-11 11:23:43.735] [sharedprocess] [info] Scanned user extensions: 7
[2018-10-11 11:28:43.774] [sharedprocess] [info] Scanned user extensions: 7
[2018-10-11 11:33:43.820] [sharedprocess] [info] Scanned user extensions: 7
[2018-10-11 11:38:43.972] [sharedprocess] [info] Scanned user extensions: 7
[2018-10-11 11:43:44.012] [sharedprocess] [info] Scanned user extensions: 7
[2018-10-11 11:48:44.046] [sharedprocess] [info] Scanned user extensions: 7
[2018-10-11 11:53:44.082] [sharedprocess] [info] Scanned user extensions: 7
[2018-10-11 11:58:44.116] [sharedprocess] [info] Scanned user extensions: 7
[2018-10-11 12:03:44.153] [sharedprocess] [info] Scanned user extensions: 7
[2018-10-11 12:08:44.187] [sharedprocess] [info] Scanned user extensions: 7
[2018-10-11 12:13:44.220] [sharedprocess] [info] Scanned user extensions: 7
[2018-10-11 12:18:44.252] [sharedprocess] [info] Scanned user extensions: 7
[2018-10-11 12:23:44.284] [sharedprocess] [info] Scanned user extensions: 7
[2018-10-11 12:28:44.318] [sharedprocess] [info] Scanned user extensions: 7
[2018-10-11 12:33:44.409] [sharedprocess] [info] Scanned user extensions: 7
[2018-10-11 12:38:44.564] [sharedprocess] [info] Scanned user extensions: 7
[2018-10-11 12:43:44.598] [sharedprocess] [info] Scanned user extensions: 7
[2018-10-11 12:48:44.636] [sharedprocess] [info] Scanned user extensions: 7
[2018-10-11 12:53:44.676] [sharedprocess] [info] Scanned user extensions: 7
[2018-10-11 12:58:44.715] [sharedprocess] [info] Scanned user extensions: 7
[2018-10-11 13:03:44.751] [sharedprocess] [info] Scanned user extensions: 7
[2018-10-11 13:08:44.777] [sharedprocess] [info] Scanned user extensions: 7
[2018-10-11 13:13:44.810] [sharedprocess] [info] Scanned user extensions: 7
[2018-10-11 13:18:44.846] [sharedprocess] [info] Scanned user extensions: 7
[2018-10-11 13:23:44.886] [sharedprocess] [info] Scanned user extensions: 7
[2018-10-11 13:28:44.934] [sharedprocess] [info] Scanned user extensions: 7
[2018-10-11 13:33:44.964] [sharedprocess] [info] Scanned user extensions: 7
[2018-10-11 13:38:45.118] [sharedprocess] [info] Scanned user extensions: 7
[2018-10-11 13:43:45.157] [sharedprocess] [info] Scanned user extensions: 7
[2018-10-11 13:48:45.200] [sharedprocess] [info] Scanned user extensions: 7
[2018-10-11 13:53:45.241] [sharedprocess] [info] Scanned user extensions: 7
[2018-10-11 13:58:45.276] [sharedprocess] [info] Scanned user extensions: 7
[2018-10-11 14:03:45.319] [sharedprocess] [info] Scanned user extensions: 7
[2018-10-11 14:08:45.365] [sharedprocess] [info] Scanned user extensions: 7
[2018-10-11 14:13:45.401] [sharedprocess] [info] Scanned user extensions: 7
[2018-10-11 14:18:45.437] [sharedprocess] [info] Scanned user extensions: 7
[2018-10-11 14:23:45.473] [sharedprocess] [info] Scanned user extensions: 7
[2018-10-11 14:28:45.518] [sharedprocess] [info] Scanned user extensions: 7
[2018-10-11 14:33:45.569] [sharedprocess] [info] Scanned user extensions: 7
[2018-10-11 14:38:46.048] [sharedprocess] [info] Scanned user extensions: 7
[2018-10-11 14:43:46.095] [sharedprocess] [info] Scanned user extensions: 7
[2018-10-11 14:48:46.138] [sharedprocess] [info] Scanned user extensions: 7
[2018-10-11 14:53:46.178] [sharedprocess] [info] Scanned user extensions: 7
[2018-10-11 14:58:46.215] [sharedprocess] [info] Scanned user extensions: 7
[2018-10-11 15:03:46.258] [sharedprocess] [info] Scanned user extensions: 7
[2018-10-11 15:08:46.328] [sharedprocess] [info] Scanned user extensions: 7
[2018-10-11 15:13:46.424] [sharedprocess] [info] Scanned user extensions: 7
[2018-10-11 15:18:46.478] [sharedprocess] [info] Scanned user extensions: 7
[2018-10-11 15:23:46.519] [sharedprocess] [info] Scanned user extensions: 7
[2018-10-11 15:28:46.558] [sharedprocess] [info] Scanned user extensions: 7
[2018-10-11 15:33:46.596] [sharedprocess] [info] Scanned user extensions: 7
[2018-10-11 15:38:46.766] [sharedprocess] [info] Scanned user extensions: 7
[2018-10-11 15:43:46.808] [sharedprocess] [info] Scanned user extensions: 7
[2018-10-11 15:48:46.838] [sharedprocess] [info] Scanned user extensions: 7
[2018-10-11 15:53:46.871] [sharedprocess] [info] Scanned user extensions: 7
[2018-10-11 15:58:46.905] [sharedprocess] [info] Scanned user extensions: 7
[2018-10-11 16:03:46.936] [sharedprocess] [info] Scanned user extensions: 7
[2018-10-11 16:08:46.964] [sharedprocess] [info] Scanned user extensions: 7
[2018-10-11 16:13:46.994] [sharedprocess] [info] Scanned user extensions: 7
[2018-10-11 16:18:47.025] [sharedprocess] [info] Scanned user extensions: 7
[2018-10-11 16:23:47.057] [sharedprocess] [info] Scanned user extensions: 7
[2018-10-11 16:28:47.085] [sharedprocess] [info] Scanned user extensions: 7
[2018-10-11 16:33:47.116] [sharedprocess] [info] Scanned user extensions: 7
[2018-10-11 16:38:47.316] [sharedprocess] [info] Scanned user extensions: 7
[2018-10-11 16:43:47.346] [sharedprocess] [info] Scanned user extensions: 7
[2018-10-11 16:48:47.380] [sharedprocess] [info] Scanned user extensions: 7
[2018-10-11 16:53:47.417] [sharedprocess] [info] Scanned user extensions: 7
[2018-10-11 16:58:47.446] [sharedprocess] [info] Scanned user extensions: 7
[2018-10-11 17:03:47.482] [sharedprocess] [info] Scanned user extensions: 7
[2018-10-11 17:08:47.515] [sharedprocess] [info] Scanned user extensions: 7
[2018-10-11 17:13:47.544] [sharedprocess] [info] Scanned user extensions: 7
[2018-10-11 17:18:47.575] [sharedprocess] [info] Scanned user extensions: 7
[2018-10-11 17:23:47.606] [sharedprocess] [info] Scanned user extensions: 7
[2018-10-11 17:28:47.637] [sharedprocess] [info] Scanned user extensions: 7
[2018-10-11 17:33:47.670] [sharedprocess] [info] Scanned user extensions: 7
[2018-10-11 17:38:47.825] [sharedprocess] [info] Scanned user extensions: 7
[2018-10-11 17:43:47.856] [sharedprocess] [info] Scanned user extensions: 7
[2018-10-11 17:48:47.883] [sharedprocess] [info] Scanned user extensions: 7
[2018-10-11 17:53:47.915] [sharedprocess] [info] Scanned user extensions: 7
[2018-10-11 17:58:47.947] [sharedprocess] [info] Scanned user extensions: 7
[2018-10-11 18:03:47.980] [sharedprocess] [info] Scanned user extensions: 7
[2018-10-11 18:08:48.010] [sharedprocess] [info] Scanned user extensions: 7
[2018-10-11 18:13:48.041] [sharedprocess] [info] Scanned user extensions: 7
[2018-10-11 18:18:48.071] [sharedprocess] [info] Scanned user extensions: 7
[2018-10-11 18:23:48.104] [sharedprocess] [info] Scanned user extensions: 7
[2018-10-11 18:28:48.136] [sharedprocess] [info] Scanned user extensions: 7
[2018-10-11 18:33:48.165] [sharedprocess] [info] Scanned user extensions: 7
[2018-10-11 18:38:48.251] [sharedprocess] [info] Scanned user extensions: 7
[2018-10-11 18:43:48.282] [sharedprocess] [info] Scanned user extensions: 7
[2018-10-11 18:48:48.311] [sharedprocess] [info] Scanned user extensions: 7
[2018-10-11 18:53:48.344] [sharedprocess] [info] Scanned user extensions: 7
[2018-10-11 18:58:48.375] [sharedprocess] [info] Scanned user extensions: 7
[2018-10-11 19:03:48.407] [sharedprocess] [info] Scanned user extensions: 7
[2018-10-11 19:08:48.441] [sharedprocess] [info] Scanned user extensions: 7
[2018-10-11 19:13:48.470] [sharedprocess] [info] Scanned user extensions: 7
[2018-10-11 19:18:48.502] [sharedprocess] [info] Scanned user extensions: 7
[2018-10-11 19:23:48.531] [sharedprocess] [info] Scanned user extensions: 7
[2018-10-11 19:28:48.563] [sharedprocess] [info] Scanned user extensions: 7
[2018-10-11 19:33:48.594] [sharedprocess] [info] Scanned user extensions: 7
[2018-10-11 19:38:48.744] [sharedprocess] [info] Scanned user extensions: 7
[2018-10-11 19:43:48.770] [sharedprocess] [info] Scanned user extensions: 7
[2018-10-11 19:48:48.802] [sharedprocess] [info] Scanned user extensions: 7
[2018-10-11 19:53:48.835] [sharedprocess] [info] Scanned user extensions: 7
[2018-10-11 19:58:48.865] [sharedprocess] [info] Scanned user extensions: 7
[2018-10-11 20:03:48.896] [sharedprocess] [info] Scanned user extensions: 7
[2018-10-11 20:08:48.926] [sharedprocess] [info] Scanned user extensions: 7
[2018-10-11 20:13:48.955] [sharedprocess] [info] Scanned user extensions: 7
[2018-10-11 20:18:48.984] [sharedprocess] [info] Scanned user extensions: 7
[2018-10-11 20:23:49.016] [sharedprocess] [info] Scanned user extensions: 7
[2018-10-11 20:28:49.043] [sharedprocess] [info] Scanned user extensions: 7
[2018-10-11 20:33:49.080] [sharedprocess] [info] Scanned user extensions: 7
[2018-10-11 20:38:43.941] [sharedprocess] [info] Installing extension: chat
[2018-10-11 20:38:43.961] [sharedprocess] [info] Scanned user extensions: 7
[2018-10-11 20:38:46.573] [sharedprocess] [info] Downloaded extension: chat /tmp/00d3963b-e4b7-4406-beb2-0a6fc66be719
[2018-10-11 20:38:49.167] [sharedprocess] [info] Scanned user extensions: 7
[2018-10-11 20:38:51.164] [sharedprocess] [info] Extracted extension to /home/mdz/.vscode/extensions/.karigari.chat-0.7.0: karigari.chat-0.7.0
[2018-10-11 20:38:51.164] [sharedprocess] [info] Renamed to /home/mdz/.vscode/extensions/karigari.chat-0.7.0
[2018-10-11 20:38:51.164] [sharedprocess] [info] Installation completed. karigari.chat-0.7.0
[2018-10-11 20:38:51.193] [sharedprocess] [info] Extensions installed successfully: karigari.chat
[2018-10-11 20:38:51.309] [sharedprocess] [info] Scanned user extensions: 7
[2018-10-11 20:38:51.371] [sharedprocess] [info] Scanned system extensions: 71
